This is pdfTeX, Version 3.141592-1.40.4 (MiKTeX 2.7) (preloaded format=pdflatex 2009.4.4)  21 APR 2010 15:04
entering extended mode
**C:/Documents*and*Settings/Administrador/Mis*documentos/Nico/Facultad/Algoritm
os*II/TPE/nravasi-algo2tpe/TPE.tex

("C:/Documents and Settings/Administrador/Mis documentos/Nico/Facultad/Algoritm
os II/TPE/nravasi-algo2tpe/TPE.tex"
LaTeX2e <2005/12/01>
Babel <v3.8h> and hyphenation patterns for english, dumylang, nohyphenation, ge
rman, ngerman, french, loaded.
("C:\Archivos de programa\MiKTeX 2.7\tex\latex\base\article.cls"
Document Class: article 2005/09/16 v1.4f Standard LaTeX document class
("C:\Archivos de programa\MiKTeX 2.7\tex\latex\base\size10.clo"
File: size10.clo 2005/09/16 v1.4f Standard LaTeX file (size option)
)
\c@part=\count79
\c@section=\count80
\c@subsection=\count81
\c@subsubsection=\count82
\c@paragraph=\count83
\c@subparagraph=\count84
\c@figure=\count85
\c@table=\count86
\abovecaptionskip=\skip41
\belowcaptionskip=\skip42
\bibindent=\dimen102
)
("C:\Archivos de programa\MiKTeX 2.7\tex\latex\geometry\geometry.sty"
Package: geometry 2002/07/08 v3.2 Page Geometry

("C:\Archivos de programa\MiKTeX 2.7\tex\latex\graphics\keyval.sty"
Package: keyval 1999/03/16 v1.13 key=value parser (DPC)
\KV@toks@=\toks14
)
\Gm@cnth=\count87
\Gm@cntv=\count88
\c@Gm@tempcnt=\count89
\Gm@bindingoffset=\dimen103
\Gm@wd@mp=\dimen104
\Gm@odd@mp=\dimen105
\Gm@even@mp=\dimen106
\Gm@dimlist=\toks15

("C:\Archivos de programa\MiKTeX 2.7\tex\latex\geometry\geometry.cfg"))
("C:\Archivos de programa\MiKTeX 2.7\tex\latex\base\inputenc.sty"
Package: inputenc 2006/05/05 v1.1b Input encoding file
\inpenc@prehook=\toks16
\inpenc@posthook=\toks17

("C:\Archivos de programa\MiKTeX 2.7\tex\latex\base\latin1.def"
File: latin1.def 2006/05/05 v1.1b Input encoding file
))
("C:\Archivos de programa\MiKTeX 2.7\tex\latex\lastpage\lastpage.sty"
Package: lastpage 1994/06/25 v0.1b LaTeX2e package for refs to last page number
 (JPG)
)
("C:\Archivos de programa\MiKTeX 2.7\tex\latex\fancyhdr\fancyhdr.sty"
\fancy@headwidth=\skip43
\f@ncyO@elh=\skip44
\f@ncyO@erh=\skip45
\f@ncyO@olh=\skip46
\f@ncyO@orh=\skip47
\f@ncyO@elf=\skip48
\f@ncyO@erf=\skip49
\f@ncyO@olf=\skip50
\f@ncyO@orf=\skip51
)
("C:\Archivos de programa\MiKTeX 2.7\tex\generic\babel\babel.sty"
Package: babel 2005/11/23 v3.8h The Babel package

*************************************
* Local config file bblopts.cfg used
*
("C:\Archivos de programa\MiKTeX 2.7\tex\latex\00miktex\bblopts.cfg"
File: bblopts.cfg 2006/07/31 v1.0 MiKTeX 'babel' configuration
)
("C:\Archivos de programa\MiKTeX 2.7\tex\generic\babel\spanish.ldf"
Language: spanish.ldf 2005/03/31 v4.2b Spanish support from the babel system

("C:\Archivos de programa\MiKTeX 2.7\tex\generic\babel\babel.def"
File: babel.def 2005/11/23 v3.8h Babel common definitions
\babel@savecnt=\count90
\U@D=\dimen107
)

Package babel Warning: No hyphenation patterns were loaded for
(babel)                the language `Spanish'
(babel)                I will use the patterns loaded for \language=0 instead.

\l@spanish = a dialect from \language0
\es@quottoks=\toks18
\es@quotdepth=\count91
Package babel Info: Making . an active character on input line 509.
Package babel Info: Making " an active character on input line 540.
Package babel Info: Making < an active character on input line 641.
Package babel Info: Making > an active character on input line 642.
Package babel Info: Making ' an active character on input line 693.
)) (aed2-symb.sty ("C:\Archivos de programa\MiKTeX 2.7\tex\latex\rcs\rcs.sty"
Package: rcs 2003/02/02 v2.10 typeset info from RCS fields
\rcsLogIntro=\toks19
)
Package: aed2-symb 2004/04/17 v1.1Para componer simbolitos frecuentemente usado
s en AED2

Cargando package 'aed2-symb' v1.1, \begingroup \year 2007 \month 03 \day 22 Apr
il 21, 2010\endgroup 
("C:\Archivos de programa\MiKTeX 2.7\tex\latex\amsmath\amsmath.sty"
Package: amsmath 2000/07/18 v2.13 AMS math features
\@mathmargin=\skip52

For additional information on amsmath, use the `?' option.
("C:\Archivos de programa\MiKTeX 2.7\tex\latex\amsmath\amstext.sty"
Package: amstext 2000/06/29 v2.01

("C:\Archivos de programa\MiKTeX 2.7\tex\latex\amsmath\amsgen.sty"
File: amsgen.sty 1999/11/30 v2.0
\@emptytoks=\toks20
\ex@=\dimen108
))
("C:\Archivos de programa\MiKTeX 2.7\tex\latex\amsmath\amsbsy.sty"
Package: amsbsy 1999/11/29 v1.2d
\pmbraise@=\dimen109
)
("C:\Archivos de programa\MiKTeX 2.7\tex\latex\amsmath\amsopn.sty"
Package: amsopn 1999/12/14 v2.01 operator names
)
\inf@bad=\count92
LaTeX Info: Redefining \frac on input line 211.
\uproot@=\count93
\leftroot@=\count94
LaTeX Info: Redefining \overline on input line 307.
\classnum@=\count95
\DOTSCASE@=\count96
LaTeX Info: Redefining \ldots on input line 379.
LaTeX Info: Redefining \dots on input line 382.
LaTeX Info: Redefining \cdots on input line 467.
\Mathstrutbox@=\box26
\strutbox@=\box27
\big@size=\dimen110
LaTeX Font Info:    Redeclaring font encoding OML on input line 567.
LaTeX Font Info:    Redeclaring font encoding OMS on input line 568.
\macc@depth=\count97
\c@MaxMatrixCols=\count98
\dotsspace@=\muskip10
\c@parentequation=\count99
\dspbrk@lvl=\count100
\tag@help=\toks21
\row@=\count101
\column@=\count102
\maxfields@=\count103
\andhelp@=\toks22
\eqnshift@=\dimen111
\alignsep@=\dimen112
\tagshift@=\dimen113
\tagwidth@=\dimen114
\totwidth@=\dimen115
\lineht@=\dimen116
\@envbody=\toks23
\multlinegap=\skip53
\multlinetaggap=\skip54
\mathdisplay@stack=\toks24
LaTeX Info: Redefining \[ on input line 2666.
LaTeX Info: Redefining \] on input line 2667.
)
("C:\Archivos de programa\MiKTeX 2.7\tex\latex\amsfonts\amssymb.sty"
Package: amssymb 2002/01/22 v2.2d

("C:\Archivos de programa\MiKTeX 2.7\tex\latex\amsfonts\amsfonts.sty"
Package: amsfonts 2001/10/25 v2.2f
\symAMSa=\mathgroup4
\symAMSb=\mathgroup5
LaTeX Font Info:    Overwriting math alphabet `\mathfrak' in version `bold'
(Font)                  U/euf/m/n --> U/euf/b/n on input line 132.
))
("C:\Archivos de programa\MiKTeX 2.7\tex\latex\tools\xspace.sty"
Package: xspace 2006/05/08 v1.12 Space after command names (DPC,MH)
))
(aed2-itef.sty
Package: aed2-itef 2010/03/16 - if-then-else-fi en lenguaje de TADs.
 ("C:\Archivos de programa\MiKTeX 2.7\tex\latex\base\ifthen.sty"
Package: ifthen 2001/05/26 v1.1c Standard LaTeX ifthen package (DPC)
)
Cargando package 'itef' (2010/03/16)
\itefIndentacion=\skip55
\itef@widthUnaLinea=\skip56
\itef@linewidth=\skip57
) (aed2-tad.sty
Package: aed2-tad 2010/04/01 v 1.0 para especificar TADs en AED2
 ("C:\Archivos de programa\MiKTeX 2.7\tex\latex\tools\calc.sty"
Package: calc 2005/08/06 v4.2 Infix arithmetic (KKT,FJ)
\calc@Acount=\count104
\calc@Bcount=\count105
\calc@Adimen=\dimen117
\calc@Bdimen=\dimen118
\calc@Askip=\skip58
\calc@Bskip=\skip59
LaTeX Info: Redefining \setlength on input line 75.
LaTeX Info: Redefining \addtolength on input line 76.
\calc@Ccount=\count106
\calc@Cskip=\skip60
) (aed2-tokenizer.sty
Package: aed2-tokenizer 2010/03/12
)
("C:\Archivos de programa\MiKTeX 2.7\tex\latex\xargs\xargs.sty"
Package: xargs 2007/10/20 v1.0 extending optional arguments facilities (mpg)

("C:\Archivos de programa\MiKTeX 2.7\tex\latex\xkeyval\xkeyval.sty"
Package: xkeyval 2006/11/18 v2.5f package option processing (HA)

("C:\Archivos de programa\MiKTeX 2.7\tex\generic\xkeyval\xkeyval.tex"
\XKV@toks=\toks25
\XKV@depth=\count107
File: xkeyval.tex 2006/11/18 v2.5f key=value parser (HA)
))
\xargs@max=\count108
\xargs@toksa=\toks26
\xargs@toksb=\toks27
)
Cargando package 'tad' (09/03/2010)
\tadMargen=\skip61
\tadSubMargen=\skip62
\tadAnchoEncabezados=\skip63
\tadSeparacionTitulos=\skip64
\tadSeparacionFunciones=\skip65
\tadAnchoNombreFunciones=\skip66
\tadAnchoTipoFunciones=\skip67
\tadSeparacionAxiomas=\skip68
\tadAnchoIzquierdaAxioma=\skip69
\tad@oldparindent=\skip70
\pbox@len=\skip71
\tad@ifFitsElse@largo=\skip72
\igualobs@pre=\skip73
\igualobs@max=\skip74
\igualobssimple@max=\skip75
\@Signatura=\box28
\tadOperacion@textwidth=\skip76
\tadAxioma@lenEquiv=\skip77
\tadAxioma@lenDerecha=\skip78
) (caratula.sty
Package: caratula 2003/4/13 v0.1 Para componer caratulas de TPs del DC

Cargando package 'caratula' v0.2 (21/4/2003)
\intlist=\toks28
) ("C:\Archivos de programa\MiKTeX 2.7\tex\latex\ltxmisc\framed.sty"
Package: framed 2007/10/04 v 0.95: framed or shaded text with page breaks
\fb@frw=\dimen119
\fb@frh=\dimen120
\FrameRule=\dimen121
\FrameSep=\dimen122
) (TPE.aux)
LaTeX Font Info:    Checking defaults for OML/cmm/m/it on input line 50.
LaTeX Font Info:    ... okay on input line 50.
LaTeX Font Info:    Checking defaults for T1/cmr/m/n on input line 50.
LaTeX Font Info:    ... okay on input line 50.
LaTeX Font Info:    Checking defaults for OT1/cmr/m/n on input line 50.
LaTeX Font Info:    ... okay on input line 50.
LaTeX Font Info:    Checking defaults for OMS/cmsy/m/n on input line 50.
LaTeX Font Info:    ... okay on input line 50.
LaTeX Font Info:    Checking defaults for OMX/cmex/m/n on input line 50.
LaTeX Font Info:    ... okay on input line 50.
LaTeX Font Info:    Checking defaults for U/cmr/m/n on input line 50.
LaTeX Font Info:    ... okay on input line 50.
-------------------- Geometry parameters
paper: a4paper
landscape: --
twocolumn: --
twoside: --
asymmetric: --
h-parts: 42.67912pt, 512.14963pt, 42.67912pt
v-parts: 99.58464pt, 702.78308pt, 42.67912pt
hmarginratio: --
vmarginratio: --
lines: --
heightrounded: --
bindingoffset: 0.0pt
truedimen: --
includehead: --
includefoot: --
includemp: --
driver: pdftex
-------------------- Page layout dimensions and switches
\paperwidth  597.50787pt
\paperheight 845.04684pt
\textwidth  512.14963pt
\textheight 702.78308pt
\oddsidemargin  -29.59087pt
\evensidemargin -29.59087pt
\topmargin  -9.68535pt
\headheight 12.0pt
\headsep    25.0pt
\footskip   30.0pt
\marginparwidth 57.0pt
\marginparsep   11.0pt
\columnsep  10.0pt
\skip\footins  9.0pt plus 4.0pt minus 2.0pt
\hoffset 0.0pt
\voffset 0.0pt
\mag 1000

(1in=72.27pt, 1cm=28.45pt)
-----------------------
LaTeX Font Info:    Try loading font information for U+msa on input line 53.
("C:\Archivos de programa\MiKTeX 2.7\tex\latex\amsfonts\umsa.fd"
File: umsa.fd 2002/01/19 v2.2g AMS font definitions
)
LaTeX Font Info:    Try loading font information for U+msb on input line 53.

("C:\Archivos de programa\MiKTeX 2.7\tex\latex\amsfonts\umsb.fd"
File: umsb.fd 2002/01/19 v2.2g AMS font definitions
) [1

{C:/Documents and Settings/All Users/Datos de programa/MiKTeX/2.7/pdftex/config
/pdftex.map}]
Underfull \hbox (badness 2012) in paragraph at lines 64--64
[]\OT1/cmr/m/n/5 dameIDTareas ($\OML/cmm/m/it/5 a$\OT1/cmr/m/n/5 ) $=[]$ dameI-
DTar-eas ($\OML/cmm/m/it/5 b$\OT1/cmr/m/n/5 ) $\OMS/cmsy/m/n/5 ^[]$ \OT1/cmr/m/
n/5 ($\OMS/cmsy/m/n/5 8$ $\OML/cmm/m/it/5 t$\OT1/cmr/m/n/5 : tarea) esTarea? ($
\OML/cmm/m/it/5 a$\OT1/cmr/m/n/5 , $\OML/cmm/m/it/5 t$\OT1/cmr/m/n/5 )
 []

LaTeX Font Info:    Try loading font information for OMS+cmr on input line 75.
("C:\Archivos de programa\MiKTeX 2.7\tex\latex\base\omscmr.fd"
File: omscmr.fd 1999/05/25 v2.5h Standard LaTeX font definitions
)
LaTeX Font Info:    Font shape `OMS/cmr/m/n' in size <10> not available
(Font)              Font shape `OMS/cmsy/m/n' tried instead on input line 75.

Underfull \hbox (badness 10000) in paragraph at lines 98--99

 []


Package Fancyhdr Warning: \headheight is too small (12.0pt): 
 Make it at least 13.07225pt.
 We now make it that large for the rest of the document.
 This may cause the page layout to be inconsistent, however.

[2]
! Missing \right. inserted.
<inserted text> 
                \right .
l.140 ...$t$) $\igobs$ terminoTarea ($b$,$o$,$t$)}
                                                  
I've inserted something that you may have forgotten.
(See the <inserted text> above.)
With luck, this will get me unwedged. But if you
really didn't forget anything, try typing `2' now; then
my insertion and my current dilemma will both disappear.

! Extra \right.
<argument> ...Tarea ($b$,$o$,$t$)}\right )\right )
                                                  $
l.140 ...$t$) $\igobs$ terminoTarea ($b$,$o$,$t$)}
                                                  
I'm ignoring a \right that had no matching \left.


Package Fancyhdr Warning: \headheight is too small (12.0pt): 
 Make it at least 13.07225pt.
 We now make it that large for the rest of the document.
 This may cause the page layout to be inconsistent, however.

[3]
Overfull \hbox (6.49994pt too wide) in paragraph at lines 201--201
[]\OT1/cmr/m/n/10 recursosTareasEjecutandose 
 []


Underfull \hbox (badness 10000) in paragraph at lines 206--208

 []


Underfull \hbox (badness 10000) in paragraph at lines 219--219

 []


Underfull \hbox (badness 10000) in paragraph at lines 220--220

 []


Underfull \hbox (badness 10000) in paragraph at lines 231--231

 []


Underfull \hbox (badness 10000) in paragraph at lines 232--232

 []


Underfull \hbox (badness 1412) in paragraph at lines 245--245
|  \OT1/cmr/bx/n/10 if \OT1/cmr/m/n/10 hayRe-cur-sos ($\OML/cmm/m/it/10 r$\OT1/
cmr/m/n/10 , ver-Recur-sosTarea(w, tarea(dameUno($\OML/cmm/m/it/10 cf$\OT1/cmr/
m/n/10 ))))
 []


Underfull \hbox (badness 10000) in paragraph at lines 245--245

 []


Package Fancyhdr Warning: \headheight is too small (12.0pt): 
 Make it at least 13.07225pt.
 We now make it that large for the rest of the document.
 This may cause the page layout to be inconsistent, however.

[4]
Underfull \hbox (badness 10000) in paragraph at lines 247--247

 []


Underfull \hbox (badness 10000) in paragraph at lines 250--250

 []


Underfull \hbox (badness 10000) in paragraph at lines 253--253

 []


Underfull \hbox (badness 10000) in paragraph at lines 256--256

 []


Underfull \hbox (badness 10000) in paragraph at lines 260--260

 []


Package Fancyhdr Warning: \headheight is too small (12.0pt): 
 Make it at least 13.07225pt.
 We now make it that large for the rest of the document.
 This may cause the page layout to be inconsistent, however.

[5]
Underfull \hbox (badness 10000) in paragraph at lines 283--283
|  \OT1/cmr/bx/n/10 if \OT1/cmr/m/n/10 ter-mi-naronTo-dos-Req? ($\OML/cmm/m/it/
10 p$\OT1/cmr/m/n/10 , $\OML/cmm/m/it/10 ord$\OT1/cmr/m/n/10 , ver-Re-qsTarea(v
erWorkflow,
 []


Underfull \hbox (badness 10000) in paragraph at lines 283--283

 []


Underfull \hbox (badness 6961) in paragraph at lines 287--287
[]\OT1/cmr/m/n/10 verRecursos ($\OML/cmm/m/it/10 p$\OT1/cmr/m/n/10 ) - re-cur-s
osTar-easE-je-cu-tan-dose (tar-easE-je-cu-tan-dose ($\OML/cmm/m/it/10 p$\OT1/cm
r/m/n/10 ),
 []


! LaTeX Error: There's no line here to end.

See the LaTeX manual or LaTeX Companion for explanation.
Type  H <return>  for immediate help.
 ...                                              
                                                  
l.288 
      
Your command was ignored.
Type  I <command> <return>  to replace it with another command,
or  <return>  to continue without it.


! LaTeX Error: There's no line here to end.

See the LaTeX manual or LaTeX Companion for explanation.
Type  H <return>  for immediate help.
 ...                                              
                                                  
l.292 
      
Your command was ignored.
Type  I <command> <return>  to replace it with another command,
or  <return>  to continue without it.


! LaTeX Error: There's no line here to end.

See the LaTeX manual or LaTeX Companion for explanation.
Type  H <return>  for immediate help.
 ...                                              
                                                  
l.296 
      
Your command was ignored.
Type  I <command> <return>  to replace it with another command,
or  <return>  to continue without it.


Underfull \hbox (badness 10000) in paragraph at lines 299--300

 []


Underfull \hbox (badness 10000) in paragraph at lines 304--306

 []


Underfull \hbox (badness 10000) in paragraph at lines 308--310

 []


Underfull \hbox (badness 10000) in paragraph at lines 311--312

 []


Package Fancyhdr Warning: \headheight is too small (12.0pt): 
 Make it at least 13.07225pt.
 We now make it that large for the rest of the document.
 This may cause the page layout to be inconsistent, however.

[6] AED: lastpage setting LastPage

Package Fancyhdr Warning: \headheight is too small (12.0pt): 
 Make it at least 13.07225pt.
 We now make it that large for the rest of the document.
 This may cause the page layout to be inconsistent, however.

[7] (TPE.aux) ) 
Here is how much of TeX's memory you used:
 2935 strings out of 95340
 35140 string characters out of 1183931
 107954 words of memory out of 1500000
 6090 multiletter control sequences out of 110000
 7625 words of font info for 30 fonts, out of 1200000 for 2000
 14 hyphenation exceptions out of 8191
 36i,17n,43p,1327b,347s stack positions out of 5000i,500n,10000p,200000b,5000s
<C:/Archivos de programa/MiKTeX 2.7/fonts/type1/bluesky/cm/cmbx1
0.pfb><C:/Archivos de programa/MiKTeX 2.7/fonts/type1/bluesky/cm/cmbx12.pfb><C:
/Archivos de programa/MiKTeX 2.7/fonts/type1/bluesky/cm/cmcsc10.pfb><C:/Archivo
s de programa/MiKTeX 2.7/fonts/type1/bluesky/cm/cmex10.pfb><C:/Archivos de prog
rama/MiKTeX 2.7/fonts/type1/bluesky/cm/cmmi10.pfb><C:/Archivos de programa/MiKT
eX 2.7/fonts/type1/bluesky/cm/cmr10.pfb><C:/Archivos de programa/MiKTeX 2.7/fon
ts/type1/bluesky/cm/cmr12.pfb><C:/Archivos de programa/MiKTeX 2.7/fonts/type1/b
luesky/cm/cmr5.pfb><C:/Archivos de programa/MiKTeX 2.7/fonts/type1/bluesky/cm/c
mr7.pfb><C:/Archivos de programa/MiKTeX 2.7/fonts/type1/bluesky/cm/cmsy10.pfb><
C:/Archivos de programa/MiKTeX 2.7/fonts/type1/bluesky/cm/cmtt10.pfb>
Output written on TPE.pdf (7 pages, 88517 bytes).
PDF statistics:
 70 PDF objects out of 1000 (max. 8388607)
 0 named destinations out of 1000 (max. 131072)
 1 words of extra memory for PDF output out of 10000 (max. 10000000)

